<?xml version="1.0" encoding="UTF-8"?>
<testng-results skipped="0" failed="0" ignored="0" total="2" passed="2">
  <reporter-output>
  </reporter-output>
  <suite name="Default suite" duration-ms="33525" started-at="2019-07-23T07:50:01Z" finished-at="2019-07-23T07:50:35Z">
    <groups>
    </groups>
    <test name="Default test" duration-ms="33525" started-at="2019-07-23T07:50:01Z" finished-at="2019-07-23T07:50:35Z">
      <class name="RGC.RGCProject.RGCLoginTest">
        <test-method status="PASS" signature="beforeTest()[pri:0, instance:RGC.RGCProject.RGCLoginTest@1a968a59]" name="beforeTest" is-config="true" duration-ms="8139" started-at="2019-07-23T07:50:01Z" finished-at="2019-07-23T07:50:09Z">
          <reporter-output>
          </reporter-output>
        </test-method> <!-- beforeTest -->
        <test-method status="PASS" signature="RGC_Login()[pri:0, instance:RGC.RGCProject.RGCLoginTest@1a968a59]" name="RGC_Login" duration-ms="12793" started-at="2019-07-23T07:50:09Z" finished-at="2019-07-23T07:50:22Z">
          <reporter-output>
          </reporter-output>
        </test-method> <!-- RGC_Login -->
        <test-method status="PASS" signature="RGC_Recharge()[pri:1, instance:RGC.RGCProject.RGCLoginTest@1a968a59]" name="RGC_Recharge" duration-ms="12529" started-at="2019-07-23T07:50:22Z" finished-at="2019-07-23T07:50:35Z">
          <reporter-output>
          </reporter-output>
        </test-method> <!-- RGC_Recharge -->
      </class> <!-- RGC.RGCProject.RGCLoginTest -->
    </test> <!-- Default test -->
  </suite> <!-- Default suite -->
</testng-results>
